<?xml version="1.0" encoding="UTF-8"?>
<!-- Generated by org.testng.reporters.JUnitReportReporter -->
<testsuite hostname="DESKTOP-C3G78CP" failures="0" tests="1" name="testcase.Loginpagetest" time="20.388" errors="0" timestamp="12 Apr 2020 10:59:57 GMT" skipped="0">
  <testcase classname="testcase.Loginpagetest" name="logintest" time="20.388"/>
</testsuite> <!-- testcase.Loginpagetest -->
