<?xml version="1.0" encoding="UTF-8"?>
<!-- Generated by org.testng.reporters.JUnitReportReporter -->
<testsuite hostname="DESKTOP-C3G78CP" failures="0" tests="1" name="testcase.customer_care_test" time="17.025" errors="0" timestamp="12 Apr 2020 10:59:57 GMT" skipped="0">
  <testcase classname="testcase.customer_care_test" name="Custmer_care_test" time="17.025"/>
</testsuite> <!-- testcase.customer_care_test -->
